part 1: 
demo: 40
real: 3605
part 2: 
(0,1)
(1,1)
(2,4)
(3,8)
(4,15)
(5,20)
(6,30)
(7,40)
(8,51)
(9,63)
(10,81)
(11,98)
(12,120)
(13,138)
(14,159)
(15,180)
(16,209)
(17,235)
(18,262)
(19,290)
(20,317)
(21,358)
(22,386)
(23,434)
(24,460)
(25,520)
(26,543)
(27,608)
(28,640)
(29,708)
(30,739)
(31,801)
(32,840)
(33,910)
(34,952)
(35,1018)
(36,1063)
(37,1141)
(38,1186)
(39,1268)
(40,1325)
(41,1406)
(42,1472)
(43,1545)
(44,1612)
(45,1693)
(46,1760)
(47,1845)
(48,1921)
(49,2011)
(50,2088)
(51,2184)
(52,2254)
(53,2344)
(54,2413)
(55,2514)
(56,2591)
(57,2699)
(58,2785)
(59,2891)
(60,2982)
(61,3087)
(62,3185)
(63,3335)
(64,3446)
(65,3605)
(66,3710)
(67,3870)
(68,3978)
(69,4142)
(70,4215)
(71,4382)
(72,4460)
(73,4630)
(74,4701)
(75,4876)
(76,4950)
(77,5126)
(78,5214)
(79,5383)
(80,5486)
(81,5643)
(82,5762)
(83,5925)
(84,6042)
(85,6206)
(86,6330)
(87,6496)
(88,6624)
(89,6798)
(90,6918)
(91,7098)
(92,7225)
(93,7406)
(94,7546)
(95,7729)
(96,7878)
(97,8060)
(98,8200)
(99,8387)
(100,8528)
(101,8722)
(102,8853)
(103,9051)
(104,9199)
(105,9425)
(106,9559)
(107,9784)
(108,9905)
(109,10140)
(110,10286)
(111,10514)
(112,10673)
(113,10900)
(114,11060)
(115,11294)
(116,11446)
(117,11679)
(118,11824)
(119,12070)
(120,12213)
(121,12465)
(122,12628)
(123,12884)
(124,13058)
(125,13301)
(126,13481)
(127,13702)
(128,13900)
(129,14132)
(130,14337)
(131,14558)
(132,14775)
(133,14997)
(134,15222)
(135,15434)
(136,15665)
(137,15879)
(138,16127)
(139,16315)
(140,16592)
(141,16797)
(142,17105)
(143,17303)
(144,17579)
(145,17764)
(146,18040)
(147,18243)
(148,18525)
(149,18745)
(150,19031)
(151,19251)
(152,19553)
(153,19752)
(154,20084)
(155,20271)
(156,20612)
(157,20795)
(158,21148)
(159,21351)
(160,21692)
(161,21890)
(162,22205)
(163,22424)
(164,22751)
(165,22981)
(166,23296)
(167,23526)
(168,23864)
(169,24098)
(170,24442)
(171,24688)
(172,25030)
(173,25283)
(174,25599)
(175,25857)
(176,26191)
(177,26447)
(178,26788)
(179,27059)
(180,27396)
(181,27669)
(182,28021)
(183,28271)
(184,28606)
(185,28839)
(186,29213)
(187,29445)
(188,29838)
(189,30082)
(190,30465)
(191,30729)
(192,31108)
(193,31376)
(194,31847)
(195,32173)
(196,32662)
(197,32976)
(198,33452)
(199,33768)
(200,34248)
(201,34490)
(202,34934)
(203,35176)
(204,35618)
(205,35838)
(206,36293)
(207,36519)
(208,36977)
(209,37223)
(210,37663)
(211,37933)
(212,38338)
(213,38645)
(214,39070)
(215,39380)
(216,39803)
(217,40121)
(218,40531)
(219,40851)
(220,41272)
(221,41579)
(222,42018)
(223,42330)
(224,42773)
(225,43098)
(226,43545)
(227,43889)
(228,44321)
(229,44641)
(230,45080)
(231,45404)
(232,45858)
(233,46154)
(234,46612)
(235,46944)
(236,47463)
(237,47757)
(238,48263)
(239,48529)
(240,49046)
(241,49366)
(242,49861)
(243,50208)
(244,50694)
(245,51040)
(246,51534)
(247,51869)
(248,52356)
(249,52669)
(250,53179)
(251,53484)
(252,54005)
(253,54349)
(254,54876)
(255,55236)
(256,55730)
(257,56099)
(258,56547)
(259,56952)
(260,57420)
(261,57835)
(262,58278)
(263,58711)
(264,59152)
(265,59598)
(266,60015)
(267,60472)
(268,60890)
(269,61376)
(270,61741)
(271,62283)
(272,62675)
(273,63274)
(274,63648)
(275,64182)
(276,64531)
(277,65062)
(278,65439)
(279,65977)
(280,66390)
(281,66934)
(282,67347)
(283,67910)
(284,68280)
(285,68896)
(286,69244)
(287,69866)
(288,70209)
(289,70850)
(290,71224)
(291,71838)
(292,72203)
(293,72771)
(294,73170)
(295,73754)
(296,74172)
(297,74736)
(298,75151)
(299,75749)
(300,76172)
(301,76778)
(302,77213)
(303,77816)
(304,78256)
(305,78815)
(306,79264)
(307,79851)
(308,80296)
(309,80893)
(310,81359)
(311,81943)
(312,82412)
(313,83020)
(314,83450)
(315,84030)
(316,84427)
(317,85074)
(318,85461)
(319,86139)
(320,86541)
(321,87201)
(322,87638)
(323,88291)
(324,88729)
(325,89521)
(326,90062)
(327,90881)
(328,91404)
(329,92196)
(330,92720)
(331,93516)
(332,93927)
(333,94648)
(334,95054)
(335,95768)
(336,96137)
(337,96872)
(338,97250)
(339,97990)
(340,98394)
(341,99105)
(342,99542)
(343,100195)
(344,100690)
(345,101377)
(346,101880)
(347,102562)
(348,103074)
(349,103728)
(350,104240)
(351,104908)
(352,105402)
(353,106100)
(354,106597)
(355,107302)
(356,107812)
(357,108523)
(358,109062)
(359,109744)
(360,110244)
(361,110935)
(362,111442)
(363,112156)
(364,112617)
(365,113335)
(366,113851)
(367,114663)
(368,115117)
(369,115904)
(370,116315)
(371,117114)
(372,117608)
(373,118370)
(374,118905)
(375,119650)
(376,120182)
(377,120936)
(378,121454)
(379,122195)
(380,122676)
(381,123450)
(382,123917)
(383,124707)
(384,125232)
(385,126030)
(386,126576)
(387,127321)
(388,127879)
(389,128554)
(390,129166)
(391,129870)
(392,130495)
(393,131160)
(394,131809)
(395,132469)
(396,133136)
(397,133758)
(398,134441)
(399,135063)
(400,135787)
(401,136329)
(402,137136)
(403,137715)
(404,138605)
(405,139155)
(406,139947)
(407,140460)
(408,141246)
(409,141797)
(410,142591)
(411,143197)
(412,143999)
(413,144605)
(414,145429)
(415,145970)
(416,146870)
(417,147379)
(418,148282)
(419,148785)
(420,149714)
(421,150259)
(422,151146)
(423,151678)
(424,152499)
(425,153078)
(426,153919)
(427,154525)
(428,155338)
(429,155938)
(430,156796)
(431,157408)
(432,158276)
(433,158900)
(434,159764)
(435,160391)
(436,161193)
(437,161833)
(438,162673)
(439,163307)
(440,164160)
(441,164821)
(442,165652)
(443,166317)
(444,167181)
(445,167791)
(446,168616)
(447,169177)
(448,170097)
(449,170639)
(450,171602)
(451,172162)
(452,173099)
(453,173709)
(454,174636)
(455,175244)
(456,176357)
(457,177113)
(458,178262)
(459,178994)
(460,180102)
(461,180834)
(462,181946)
(463,182526)
(464,183524)
(465,184094)
(466,185080)
(467,185598)
(468,186613)
(469,187143)
(470,188165)
(471,188727)
(472,189709)
(473,190313)
(474,191214)
(475,191897)
(476,192846)
(477,193542)
(478,194483)
(479,195189)
(480,196087)
(481,196791)
(482,197706)
(483,198387)
(484,199344)
(485,200026)
(486,200993)
(487,201688)
(488,202663)
(489,203397)
(490,204329)
(491,205009)
(492,205952)
(493,206642)
(494,207616)
(495,208242)
(496,209220)
(497,209920)
(498,211025)
(499,211639)
(500,212707)
(501,213263)
(502,214344)
(503,215012)
(504,216041)
(505,216764)
(506,217768)
(507,218486)
(508,219500)
(509,220201)
(510,221196)
(511,221845)
(512,222883)
(513,223512)
(514,224571)
(515,225277)
(516,226346)
(517,227078)
(518,228074)
(519,228821)
(520,229723)
(521,230542)
(522,231482)
(523,232317)
(524,233204)
(525,234069)
(526,234948)
(527,235836)
(528,236663)
(529,237572)
(530,238398)
(531,239360)
(532,240079)
(533,241151)
(534,241917)
(535,243098)
(536,243824)
(537,244874)
(538,245551)
(539,246592)
(540,247317)
(541,248367)
(542,249166)
(543,250226)
(544,251025)
(545,252110)
(546,252822)
(547,254006)
(548,254676)
(549,255860)
(550,256523)
(551,257740)
(552,258456)
(553,259616)
(554,260315)
(555,261389)
(556,262148)
(557,263246)
(558,264040)
(559,265102)
(560,265887)
(561,267005)
(562,267806)
(563,268936)
(564,269749)
(565,270874)
(566,271688)
(567,272733)
(568,273564)
(569,274657)
(570,275480)
(571,276589)
(572,277445)
(573,278523)
(574,279384)
(575,280504)
(576,281294)
(577,282364)
(578,283089)
(579,284282)
(580,284979)
(581,286227)
(582,286945)
(583,288159)
(584,288942)
(585,290143)
(586,290921)
(587,292355)
(588,293326)
(589,294805)
(590,295746)
(591,297170)
(592,298110)
(593,299538)
(594,300287)
(595,301562)
(596,302296)
(597,303554)
(598,304221)
(599,305516)
(600,306198)
(601,307502)
(602,308222)
(603,309475)
(604,310246)
(605,311395)
(606,312266)
(607,313477)
(608,314366)
(609,315566)
(610,316466)
(611,317608)
(612,318504)
(613,319666)
(614,320534)
(615,321750)
(616,322617)
(617,323846)
(618,324726)
(619,325965)
(620,326894)
(621,328076)
(622,328936)
(623,330131)
(624,331004)
(625,332238)
(626,333029)
(627,334267)
(628,335151)
(629,336549)
(630,337323)
(631,338672)
(632,339373)
(633,340736)
(634,341578)
(635,342874)
(636,343785)
(637,345048)
(638,345952)
(639,347226)
(640,348110)
(641,349359)
(642,350176)
(643,351478)
(644,352269)
(645,353597)
(646,354484)
(647,355824)
(648,356742)
(649,357989)
(650,358925)
(651,360054)
(652,361080)
(653,362256)
(654,363301)
(655,364410)
(656,365491)
(657,366589)
(658,367698)
(659,368730)
(660,369865)
(661,370895)
(662,372095)
(663,372991)
(664,374328)
(665,375281)
(666,376753)
(667,377655)
(668,378963)
(669,379804)
(670,381100)
(671,381999)
(672,383305)
(673,384297)
(674,385615)
(675,386607)
(676,387953)
(677,388836)
(678,390304)
(679,391135)
(680,392600)
(681,393423)
(682,394928)
(683,395815)
(684,397248)
(685,398114)
(686,399441)
(687,400380)
(688,401735)
(689,402717)
(690,404028)
(691,404998)
(692,406376)
(693,407366)
(694,408758)
(695,409760)
(696,411146)
(697,412147)
(698,413435)
(699,414457)
(700,415803)
(701,416815)
(702,418180)
(703,419231)
(704,420556)
(705,421613)
(706,422989)
(707,423959)
(708,425274)
(709,426163)
(710,427629)
(711,428481)
(712,430014)
(713,430890)
(714,432381)
(715,433337)
(716,434812)
(717,435760)
(718,437515)
(719,438701)
(720,440510)
(721,441660)
(722,443400)
(723,444548)
(724,446292)
(725,447210)
(726,448762)
(727,449660)
(728,451190)
(729,452006)
(730,453581)
(731,454415)
(732,456001)
(733,456879)
(734,458403)
(735,459341)
(736,460738)
(737,461797)
(738,463270)
(739,464352)
(740,465811)
(741,466905)
(742,468291)
(743,469379)
(744,470788)
(745,471843)
(746,473318)
(747,474370)
(748,475861)
(749,476926)
(750,478429)
(751,479553)
(752,480985)
(753,482025)
(754,483472)
(755,484528)
(756,486022)
(757,486978)
(758,488476)
(759,489544)
(760,491235)
(761,492169)
(762,493799)
(763,494645)
(764,496290)
(765,497306)
(766,498869)
(767,499968)
(768,501490)
(769,502580)
(770,504114)
(771,505181)
(772,506684)
(773,507669)
(774,509235)
(775,510188)
(776,511785)
(777,512853)
(778,514464)
(779,515568)
(780,517066)
(781,518191)
(782,519547)
(783,520780)
(784,522192)
(785,523447)
(786,524778)
(787,526075)
(788,527392)
(789,528722)
(790,529959)
(791,531320)
(792,532554)
(793,533992)
(794,535065)
(795,536667)
(796,537807)
(797,539570)
(798,540648)
(799,542214)
(800,543219)
(801,544770)
(802,545843)
(803,547405)
(804,548590)
(805,550166)
(806,551351)
(807,552958)
(808,554012)
(809,555764)
(810,556756)
(811,558502)
(812,559485)
(813,561278)
(814,562336)
(815,564042)
(816,565075)
(817,566655)
(818,567774)
(819,569386)
(820,570556)
(821,572116)
(822,573271)
(823,574909)
(824,576088)
(825,577742)
(826,578933)
(827,580580)
(828,581768)
(829,583299)
(830,584512)
(831,586111)
(832,587312)
(833,588933)
(834,590179)
(835,591751)
(836,593004)
(837,594636)
(838,595786)
(839,597346)
(840,598399)
(841,600138)
(842,601145)
(843,602963)
(844,603997)
(845,605765)
(846,606894)
(847,608643)
(848,609761)
(849,611837)
(850,613238)
(851,615377)
(852,616736)
(853,618792)
(854,620148)
(855,622208)
(856,623295)
(857,625124)
(858,626186)
(859,627988)
(860,628953)
(861,630808)
(862,631794)
(863,633662)
(864,634698)
(865,636493)
(866,637598)
(867,639243)
(868,640490)
(869,642225)
(870,643500)
(871,645218)
(872,646506)
(873,648136)
(874,649416)
(875,651072)
(876,652314)
(877,654048)
(878,655285)
(879,657038)
(880,658288)
(881,660055)
(882,661374)
(883,663056)
(884,664276)
(885,665975)
(886,667214)
(887,668968)
(888,670089)
(889,671847)
(890,673099)
(891,675083)
(892,676177)
(893,678088)
(894,679079)
(895,681006)
(896,682196)
(897,684026)
(898,685313)
(899,687094)
(900,688370)
(901,690164)
(902,691414)
(903,693171)
(904,694324)
(905,696154)
(906,697269)
(907,699135)
(908,700384)
(909,702266)
(910,703556)
(911,705305)
(912,706619)
(913,708202)
(914,709642)
(915,711290)
(916,712755)
(917,714308)
(918,715821)
(919,717357)
(920,718908)
(921,720350)
(922,721937)
(923,723375)
(924,725051)
(925,726301)
(926,728168)
(927,729495)
(928,731549)
(929,732803)
(930,734627)
(931,735796)
(932,737602)
(933,738849)
(934,740667)
(935,742045)
(936,743879)
(937,745257)
(938,747125)
(939,748350)
(940,750386)
(941,751539)
(942,753566)
(943,754709)
(944,756790)
(945,758019)
(946,759998)
(947,761198)
(948,763031)
(949,764330)
(950,766199)
(951,767557)
(952,769366)
(953,770706)
(954,772604)
(955,773972)
(956,775888)
(957,777268)
(958,779176)
(959,780551)
(960,782325)
(961,783729)
(962,785581)
(963,786971)
(964,788848)
(965,790289)
(966,792108)
(967,793557)
(968,795445)
(969,796775)
(970,798580)
(971,799797)
(972,801809)
(973,802971)
(974,805074)
(975,806266)
(976,808311)
(977,809613)
(978,811636)
(979,812924)
(980,815321)
(981,816937)
(982,819406)
(983,820974)
(984,823346)
(985,824910)
(986,827286)
(987,828542)
(988,830648)
(989,831874)
(990,833948)
(991,835062)
(992,837197)
(993,838335)
(994,840485)
(995,841679)
(996,843745)
(997,845017)
(998,846910)
(999,848345)
(1000,850342)
(1001,851810)
(1002,853787)
(1003,855269)
(1004,857143)
(1005,858615)
(1006,860518)
(1007,861947)
(1008,863940)
(1009,865362)
(1010,867377)
(1011,868812)
(1012,870843)
(1013,872357)
(1014,874289)
(1015,875689)
(1016,877640)
(1017,879062)
(1018,881076)
(1019,882362)
(1020,884380)
(1021,885816)
(1022,888093)
(1023,889347)
(1024,891539)
(1025,892675)
(1026,894884)
(1027,896248)
(1028,898345)
(1029,899820)
(1030,901860)
(1031,903322)
(1032,905376)
(1033,906809)
(1034,908820)
(1035,910141)
(1036,912235)
(1037,913512)
(1038,915647)
(1039,917077)
(1040,919230)
(1041,920706)
(1042,922706)
(1043,924209)
(1044,926019)
(1045,927666)
(1046,929550)
(1047,931225)
(1048,933000)
(1049,934729)
(1050,936484)
(1051,938256)
(1052,939903)
(1053,941716)
(1054,943358)
(1055,945272)
(1056,946699)
(1057,948831)
(1058,950345)
(1059,952690)
(1060,954120)
(1061,956202)
(1062,957535)
(1063,959596)
(1064,961017)
(1065,963091)
(1066,964662)
(1067,966754)
(1068,968325)
(1069,970454)
(1070,971850)
(1071,974170)
(1072,975484)
(1073,977792)
(1074,979095)
(1075,981464)
(1076,982864)
(1077,985116)
(1078,986483)
(1079,988569)
(1080,990048)
(1081,992174)
(1082,993720)
(1083,995778)
(1084,997303)
(1085,999461)
(1086,1001018)
(1087,1003196)
(1088,1004765)
(1089,1006934)
(1090,1008496)
(1091,1010513)
(1092,1012108)
(1093,1014213)
(1094,1015792)
(1095,1017925)
(1096,1019561)
(1097,1021627)
(1098,1023272)
(1099,1025416)
(1100,1026926)
(1101,1028976)
(1102,1030357)
(1103,1032642)
(1104,1033959)
(1105,1036347)
(1106,1037697)
(1107,1040019)
(1108,1041494)
(1109,1043791)
(1110,1045249)
(1111,1047967)
(1112,1049798)
(1113,1052597)
(1114,1054374)
(1115,1057062)
(1116,1058834)
(1117,1061526)
(1118,1062951)
(1119,1065334)
(1120,1066724)
(1121,1069070)
(1122,1070333)
(1123,1072748)
(1124,1074038)
(1125,1076470)
(1126,1077822)
(1127,1080159)
(1128,1081598)
(1129,1083739)
(1130,1085362)
(1131,1087621)
(1132,1089282)
(1133,1091518)
(1134,1093194)
(1135,1095312)
(1136,1096976)
(1137,1099126)
(1138,1100742)
(1139,1102994)
(1140,1104601)
(1141,1106878)
(1142,1108498)
(1143,1110793)
(1144,1112502)
(1145,1114684)
(1146,1116264)
(1147,1118467)
(1148,1120072)
(1149,1122346)
(1150,1123797)
